<?xml version="1.0" encoding="UTF-8"?>
<!-- Generated by org.testng.reporters.JUnitXMLReporter -->
<testsuite ignored="0" hostname="DESKTOP-3DNI366" failures="0" tests="23" name="Test" time="993.018" errors="0" timestamp="2021-02-02T16:50:44 IST">
  <testcase classname="com.bixbytes.bpmt.login.testcases.Login_Testcases" name="tc1_valid_login_test" time="13.918"/>
  <testcase classname="com.bixbytes.bpmt.login.testcases.Login_Testcases" name="tc2_invalid_login_test" time="12.487"/>
  <testcase classname="com.bixbytes.bpmt.login.testcases.Login_Testcases" name="tc8_verify_email_and_password_errors" time="6.623"/>
  <testcase classname="com.bixbytes.bpmt.login.testcases.UserName_Verification_Testcases" name="tc3_username_after_email_test" time="16.254"/>
  <testcase classname="com.bixbytes.bpmt.login.testcases.Logout_Testcases" name="tc4_logout" time="12.714"/>
  <testcase classname="com.bixbytes.bpmt.login.testcases.Fogot_Password_Testcases" name="tc5_forgotpassword_negative_testcase" time="4.801"/>
  <testcase classname="com.bixbytes.bpmt.login.testcases.Fogot_Password_Testcases" name="tc6_forgotpassword_positive_testcase" time="4.75"/>
  <testcase classname="com.bixbytes.bpmt.login.testcases.Fogot_Password_Testcases" name="tc7_forgot_pasword_to_signin_page_test" time="1.208"/>
  <testcase classname="com.bixbytes.bpmt.users.testcases.Add_User_Positive_Testcases" name="tc1_add_admin_user_test" time="66.411"/>
  <testcase classname="com.bixbytes.bpmt.users.testcases.Add_User_Positive_Testcases" name="tc2_add_sales_user_test" time="67.002"/>
  <testcase classname="com.bixbytes.bpmt.users.testcases.Add_User_Positive_Testcases" name="tc3_add_management_user_test" time="67.364"/>
  <testcase classname="com.bixbytes.bpmt.users.testcases.Add_User_Positive_Testcases" name="tc4_add_lead_user_test" time="66.591"/>
  <testcase classname="com.bixbytes.bpmt.users.testcases.Add_User_Positive_Testcases" name="tc5_add_member_user_test" time="67.869"/>
  <testcase classname="com.bixbytes.bpmt.users.testcases.Add_User_Error_Message_Verification_Testcases" name="tc1_verify_empty_error_messages_in_add_user_page_test" time="13.71"/>
  <testcase classname="com.bixbytes.bpmt.users.testcases.Add_User_Error_Message_Verification_Testcases" name="tc2_verify_add_user_firstname_and_lastname_length_error_test" time="47.142"/>
  <testcase classname="com.bixbytes.bpmt.users.testcases.Add_User_Error_Message_Verification_Testcases" name="tc3_verify_add_user_emailid_format_error_test" time="47.91"/>
  <testcase classname="com.bixbytes.bpmt.users.testcases.Add_User_Error_Message_Verification_Testcases" name="tc4_verify_add_user_mobile_no_format_error_test" time="47.259"/>
  <testcase classname="com.bixbytes.bpmt.users.testcases.Add_User_Error_Message_Verification_Testcases" name="tc5_verify_add_user_address_and_bloodgroup_length_error_test" time="47.492"/>
  <testcase classname="com.bixbytes.bpmt.users.testcases.Add_User_Error_Message_Verification_Testcases" name="tc6_verify_add_user_employee_id_length_error_test" time="13.109"/>
  <testcase classname="com.bixbytes.bpmt.users.testcases.Add_User_Error_Message_Verification_Testcases" name="tc7_verify_add_user_duplicate_data_errors" time="60.922"/>
  <testcase classname="com.bixbytes.bpmt.users.testcases.Update_User_Testcase" name="tc1_update_user" time="22.779"/>
  <testcase classname="com.bixbytes.bpmt.users.testcases.User_Search_Testcases" name="tc1_valid_usersearch" time="16.341"/>
  <testcase classname="com.bixbytes.bpmt.users.testcases.User_Search_Testcases" name="tc2_invalid_usersearch" time="15.695"/>
</testsuite> <!-- Test -->
